<?xml version="1.0" encoding="UTF-8"?>
<testng-results ignored="0" total="1" passed="1" failed="0" skipped="0">
  <reporter-output>
  </reporter-output>
  <suite started-at="2022-08-10T15:02:47 IST" name="Default suite" finished-at="2022-08-10T15:03:02 IST" duration-ms="14506">
    <groups>
    </groups>
    <test started-at="2022-08-10T15:02:47 IST" name="Default test" finished-at="2022-08-10T15:03:02 IST" duration-ms="14506">
      <class name="Automation.Selenium.Animall">
        <test-method signature="animallWebsite()[pri:0, instance:Automation.Selenium.Animall@15aab8c6]" started-at="2022-08-10T15:02:47 IST" name="animallWebsite" finished-at="2022-08-10T15:03:02 IST" duration-ms="14470" status="PASS">
          <reporter-output>
          </reporter-output>
        </test-method> <!-- animallWebsite -->
      </class> <!-- Automation.Selenium.Animall -->
    </test> <!-- Default test -->
  </suite> <!-- Default suite -->
</testng-results>
